# JRE version: Java(TM) SE Runtime Environment (8.0_111-b14) (build 1.8.0_111-b14)
# Java VM: Java HotSpot(TM) 64-Bit Server VM (25.111-b14 mixed mode bsd-amd64 compressed oops)
Heap:
 PSYoungGen      total 69632K, used 52856K [0x0000000795580000, 0x000000079b880000, 0x00000007c0000000)
  eden space 52224K, 69% used [0x0000000795580000,0x00000007978cd2b8,0x0000000798880000)
  from space 17408K, 95% used [0x0000000798880000,0x00000007998d0ec0,0x0000000799980000)
  to   space 19968K, 0% used [0x000000079a500000,0x000000079a500000,0x000000079b880000)
 ParOldGen       total 66560K, used 29418K [0x0000000740000000, 0x0000000744100000, 0x0000000795580000)
  object space 66560K, 44% used [0x0000000740000000,0x0000000741cba810,0x0000000744100000)
 Metaspace       used 27392K, capacity 28558K, committed 28800K, reserved 1075200K
  class space    used 3375K, capacity 3617K, committed 3712K, reserved 1048576K
GC Heap History (10 events):
Event: 6.865 GC heap before
{Heap before GC invocations=4 (full 1):
 PSYoungGen      total 38400K, used 33280K [0x0000000795580000, 0x000000079a080000, 0x00000007c0000000)
  eden space 33280K, 100% used [0x0000000795580000,0x0000000797600000,0x0000000797600000)
  from space 5120K, 0% used [0x0000000797b00000,0x0000000797b00000,0x0000000798000000)
  to   space 5120K, 0% used [0x0000000797600000,0x0000000797600000,0x0000000797b00000)
 ParOldGen       total 66560K, used 8369K [0x0000000740000000, 0x0000000744100000, 0x0000000795580000)
  object space 66560K, 12% used [0x0000000740000000,0x000000074082c540,0x0000000744100000)
 Metaspace       used 24208K, capacity 25042K, committed 25216K, reserved 1071104K
  class space    used 3155K, capacity 3381K, committed 3456K, reserved 1048576K
Event: 6.872 GC heap after
Heap after GC invocations=4 (full 1):
 PSYoungGen      total 38400K, used 5112K [0x0000000795580000, 0x0000000798980000, 0x00000007c0000000)
  eden space 33280K, 0% used [0x0000000795580000,0x0000000795580000,0x0000000797600000)
  from space 5120K, 99% used [0x0000000797600000,0x0000000797afe2f8,0x0000000797b00000)
  to   space 5120K, 0% used [0x0000000798480000,0x0000000798480000,0x0000000798980000)
 ParOldGen       total 66560K, used 8749K [0x0000000740000000, 0x0000000744100000, 0x0000000795580000)
  object space 66560K, 13% used [0x0000000740000000,0x000000074088b690,0x0000000744100000)
 Metaspace       used 24208K, capacity 25042K, committed 25216K, reserved 1071104K
  class space    used 3155K, capacity 3381K, committed 3456K, reserved 1048576K
}
Event: 9.971 GC heap before
{Heap before GC invocations=5 (full 1):
 PSYoungGen      total 38400K, used 35668K [0x0000000795580000, 0x0000000798980000, 0x00000007c0000000)
  eden space 33280K, 91% used [0x0000000795580000,0x0000000797356d90,0x0000000797600000)
  from space 5120K, 99% used [0x0000000797600000,0x0000000797afe2f8,0x0000000797b00000)
  to   space 5120K, 0% used [0x0000000798480000,0x0000000798480000,0x0000000798980000)
 ParOldGen       total 66560K, used 8749K [0x0000000740000000, 0x0000000744100000, 0x0000000795580000)
  object space 66560K, 13% used [0x0000000740000000,0x000000074088b690,0x0000000744100000)
 Metaspace       used 25734K, capacity 26748K, committed 26880K, reserved 1073152K
  class space    used 3341K, capacity 3570K, committed 3584K, reserved 1048576K
Event: 9.994 GC heap after
Heap after GC invocations=5 (full 1):
 PSYoungGen      total 47616K, used 5110K [0x0000000795580000, 0x0000000798980000, 0x00000007c0000000)
  eden space 42496K, 0% used [0x0000000795580000,0x0000000795580000,0x0000000797f00000)
  from space 5120K, 99% used [0x0000000798480000,0x000000079897d830,0x0000000798980000)
  to   space 5120K, 0% used [0x0000000797f80000,0x0000000797f80000,0x0000000798480000)
 ParOldGen       total 66560K, used 14829K [0x0000000740000000, 0x0000000744100000, 0x0000000795580000)
  object space 66560K, 22% used [0x0000000740000000,0x0000000740e7b748,0x0000000744100000)
 Metaspace       used 25734K, capacity 26748K, committed 26880K, reserved 1073152K
  class space    used 3341K, capacity 3570K, committed 3584K, reserved 1048576K
}
Event: 12.776 GC heap before
{Heap before GC invocations=6 (full 1):
 PSYoungGen      total 47616K, used 47606K [0x0000000795580000, 0x0000000798980000, 0x00000007c0000000)
  eden space 42496K, 100% used [0x0000000795580000,0x0000000797f00000,0x0000000797f00000)
  from space 5120K, 99% used [0x0000000798480000,0x000000079897d830,0x0000000798980000)
  to   space 5120K, 0% used [0x0000000797f80000,0x0000000797f80000,0x0000000798480000)
 ParOldGen       total 66560K, used 14829K [0x0000000740000000, 0x0000000744100000, 0x0000000795580000)
  object space 66560K, 22% used [0x0000000740000000,0x0000000740e7b748,0x0000000744100000)
 Metaspace       used 26279K, capacity 27378K, committed 27520K, reserved 1073152K
  class space    used 3366K, capacity 3605K, committed 3712K, reserved 1048576K
Event: 12.792 GC heap after
Heap after GC invocations=6 (full 1):
 PSYoungGen      total 48128K, used 5102K [0x0000000795580000, 0x000000079aa80000, 0x00000007c0000000)
  eden space 43008K, 0% used [0x0000000795580000,0x0000000795580000,0x0000000797f80000)
  from space 5120K, 99% used [0x0000000797f80000,0x000000079847b940,0x0000000798480000)
  to   space 16896K, 0% used [0x0000000799a00000,0x0000000799a00000,0x000000079aa80000)
 ParOldGen       total 66560K, used 25802K [0x0000000740000000, 0x0000000744100000, 0x0000000795580000)
  object space 66560K, 38% used [0x0000000740000000,0x0000000741932800,0x0000000744100000)
 Metaspace       used 26279K, capacity 27378K, committed 27520K, reserved 1073152K
  class space    used 3366K, capacity 3605K, committed 3712K, reserved 1048576K
}
Event: 18.300 GC heap before
{Heap before GC invocations=7 (full 1):
 PSYoungGen      total 48128K, used 47553K [0x0000000795580000, 0x000000079aa80000, 0x00000007c0000000)
  eden space 43008K, 98% used [0x0000000795580000,0x0000000797ef4df8,0x0000000797f80000)
  from space 5120K, 99% used [0x0000000797f80000,0x000000079847b940,0x0000000798480000)
  to   space 16896K, 0% used [0x0000000799a00000,0x0000000799a00000,0x000000079aa80000)
 ParOldGen       total 66560K, used 25802K [0x0000000740000000, 0x0000000744100000, 0x0000000795580000)
  object space 66560K, 38% used [0x0000000740000000,0x0000000741932800,0x0000000744100000)
 Metaspace       used 26649K, capacity 27774K, committed 28032K, reserved 1073152K
  class space    used 3366K, capacity 3605K, committed 3712K, reserved 1048576K
Event: 18.317 GC heap after
Heap after GC invocations=7 (full 1):
 PSYoungGen      total 69120K, used 12735K [0x0000000795580000, 0x000000079aa80000, 0x00000007c0000000)
  eden space 52224K, 0% used [0x0000000795580000,0x0000000795580000,0x0000000798880000)
  from space 16896K, 75% used [0x0000000799a00000,0x000000079a66fe10,0x000000079aa80000)
  to   space 17408K, 0% used [0x0000000798880000,0x0000000798880000,0x0000000799980000)
 ParOldGen       total 66560K, used 25810K [0x0000000740000000, 0x0000000744100000, 0x0000000795580000)
  object space 66560K, 38% used [0x0000000740000000,0x0000000741934800,0x0000000744100000)
 Metaspace       used 26649K, capacity 27774K, committed 28032K, reserved 1073152K
  class space    used 3366K, capacity 3605K, committed 3712K, reserved 1048576K
}
Event: 44.107 GC heap before
{Heap before GC invocations=8 (full 1):
 PSYoungGen      total 69120K, used 64959K [0x0000000795580000, 0x000000079aa80000, 0x00000007c0000000)
  eden space 52224K, 100% used [0x0000000795580000,0x0000000798880000,0x0000000798880000)
  from space 16896K, 75% used [0x0000000799a00000,0x000000079a66fe10,0x000000079aa80000)
  to   space 17408K, 0% used [0x0000000798880000,0x0000000798880000,0x0000000799980000)
 ParOldGen       total 66560K, used 25810K [0x0000000740000000, 0x0000000744100000, 0x0000000795580000)
  object space 66560K, 38% used [0x0000000740000000,0x0000000741934800,0x0000000744100000)
 Metaspace       used 27268K, capacity 28374K, committed 28544K, reserved 1075200K
  class space    used 3366K, capacity 3605K, committed 3712K, reserved 1048576K
Event: 44.126 GC heap after
Heap after GC invocations=8 (full 1):
 PSYoungGen      total 69632K, used 16707K [0x0000000795580000, 0x000000079b880000, 0x00000007c0000000)
  eden space 52224K, 0% used [0x0000000795580000,0x0000000795580000,0x0000000798880000)
  from space 17408K, 95% used [0x0000000798880000,0x00000007998d0ec0,0x0000000799980000)
  to   space 19968K, 0% used [0x000000079a500000,0x000000079a500000,0x000000079b880000)
 ParOldGen       total 66560K, used 29418K [0x0000000740000000, 0x0000000744100000, 0x0000000795580000)
  object space 66560K, 44% used [0x0000000740000000,0x0000000741cba810,0x0000000744100000)
 Metaspace       used 27268K, capacity 28374K, committed 28544K, reserved 1075200K
  class space    used 3366K, capacity 3605K, committed 3712K, reserved 1048576K
}

